<?xml version="1.0" encoding="UTF-8"?>
<!-- Generated by org.testng.reporters.JUnitReportReporter -->
<testsuite hostname="NST-GUNEET" name="com.LaunchDemo" tests="4" failures="0" timestamp="10 Aug 2018 11:32:53 GMT" time="91.036" errors="0">
  <testcase name="DemoLauch" time="25.031" classname="com.LaunchDemo"/>
  <testcase name="DemoLauch" time="24.947" classname="com.LaunchDemo"/>
  <testcase name="DemoLauch" time="20.610" classname="com.LaunchDemo"/>
  <testcase name="DemoLauch" time="20.448" classname="com.LaunchDemo"/>
</testsuite> <!-- com.LaunchDemo -->
